<?xml version="1.0" encoding="UTF-8"?>
<testng-results ignored="0" total="1" passed="1" failed="0" skipped="0">
  <reporter-output>
  </reporter-output>
  <suite started-at="2022-09-16T13:45:44 IST" name="Suite" finished-at="2022-09-16T13:45:44 IST" duration-ms="41">
    <groups>
    </groups>
    <test started-at="2022-09-16T13:45:44 IST" name="Test" finished-at="2022-09-16T13:45:44 IST" duration-ms="41">
      <class name="testNGpkg.TestNGDemo">
        <test-method signature="demoMethod()[pri:0, instance:testNGpkg.TestNGDemo@3ee37e5a]" started-at="2022-09-16T13:45:44 IST" name="demoMethod" finished-at="2022-09-16T13:45:44 IST" duration-ms="7" status="PASS">
          <reporter-output>
          </reporter-output>
        </test-method> <!-- demoMethod -->
      </class> <!-- testNGpkg.TestNGDemo -->
    </test> <!-- Test -->
  </suite> <!-- Suite -->
</testng-results>
